c:\[codes]\gitrepository\c_datastructure\ch4exes\ex4_3_pointlist\debug\vc141.pdb
c:\[codes]\gitrepository\c_datastructure\ch4exes\ex4_3_pointlist\debug\vc141.idb
c:\[codes]\gitrepository\c_datastructure\ch4exes\ex4_3_pointlist\debug\arraylist.obj
c:\[codes]\gitrepository\c_datastructure\ch4exes\ex4_3_pointlist\debug\point.obj
c:\[codes]\gitrepository\c_datastructure\ch4exes\ex4_3_pointlist\debug\pointlistmain.obj
c:\[codes]\gitrepository\c_datastructure\ch4exes\ex4_3_pointlist\debug\dlinkedlist.obj
c:\[codes]\gitrepository\c_datastructure\ch4exes\debug\ex4_3_pointlist.ilk
c:\[codes]\gitrepository\c_datastructure\ch4exes\debug\ex4_3_pointlist.exe
c:\[codes]\gitrepository\c_datastructure\ch4exes\debug\ex4_3_pointlist.pdb
c:\[codes]\gitrepository\c_datastructure\ch4exes\ex4_3_pointlist\debug\ex4_3_pointlist.tlog\cl.command.1.tlog
c:\[codes]\gitrepository\c_datastructure\ch4exes\ex4_3_pointlist\debug\ex4_3_pointlist.tlog\cl.read.1.tlog
c:\[codes]\gitrepository\c_datastructure\ch4exes\ex4_3_pointlist\debug\ex4_3_pointlist.tlog\cl.write.1.tlog
c:\[codes]\gitrepository\c_datastructure\ch4exes\ex4_3_pointlist\debug\ex4_3_pointlist.tlog\link.13264-cvtres.read.1.tlog
c:\[codes]\gitrepository\c_datastructure\ch4exes\ex4_3_pointlist\debug\ex4_3_pointlist.tlog\link.13264-cvtres.write.1.tlog
c:\[codes]\gitrepository\c_datastructure\ch4exes\ex4_3_pointlist\debug\ex4_3_pointlist.tlog\link.13264-rc.read.1.tlog
c:\[codes]\gitrepository\c_datastructure\ch4exes\ex4_3_pointlist\debug\ex4_3_pointlist.tlog\link.13264-rc.write.1.tlog
c:\[codes]\gitrepository\c_datastructure\ch4exes\ex4_3_pointlist\debug\ex4_3_pointlist.tlog\link.13264.read.1.tlog
c:\[codes]\gitrepository\c_datastructure\ch4exes\ex4_3_pointlist\debug\ex4_3_pointlist.tlog\link.13264.write.1.tlog
c:\[codes]\gitrepository\c_datastructure\ch4exes\ex4_3_pointlist\debug\ex4_3_pointlist.tlog\link.command.1.tlog
c:\[codes]\gitrepository\c_datastructure\ch4exes\ex4_3_pointlist\debug\ex4_3_pointlist.tlog\link.read.1.tlog
c:\[codes]\gitrepository\c_datastructure\ch4exes\ex4_3_pointlist\debug\ex4_3_pointlist.tlog\link.write.1.tlog
