c:\[codes]\gitrepository\c_datastructure\ch1exes\binarysearch\debug\vc141.pdb
c:\[codes]\gitrepository\c_datastructure\ch1exes\binarysearch\debug\vc141.idb
c:\[codes]\gitrepository\c_datastructure\ch1exes\binarysearch\debug\binarysearch.obj
c:\[codes]\gitrepository\c_datastructure\ch1exes\debug\binarysearch.exe
c:\[codes]\gitrepository\c_datastructure\ch1exes\debug\binarysearch.ilk
c:\[codes]\gitrepository\c_datastructure\ch1exes\debug\binarysearch.pdb
c:\codes\gitrepository\c_datastructure\ch1exes\binarysearch\debug\binarysearch.obj
c:\codes\gitrepository\c_datastructure\ch1exes\binarysearch\debug\vc140.idb
c:\codes\gitrepository\c_datastructure\ch1exes\binarysearch\debug\vc141.idb
c:\codes\gitrepository\c_datastructure\ch1exes\binarysearch\debug\vc140.pdb
c:\codes\gitrepository\c_datastructure\ch1exes\binarysearch\debug\vc141.pdb
c:\codes\gitrepository\c_datastructure\ch1exes\debug\binarysearch.pdb
c:\codes\gitrepository\c_datastructure\ch1exes\debug\binarysearch.exe
c:\codes\gitrepository\c_datastructure\ch1exes\debug\binarysearch.ilk
c:\codes\gitrepository\c_datastructure\ch1exes\binarysearch\debug\binarysearch.tlog\cl.command.1.tlog
c:\codes\gitrepository\c_datastructure\ch1exes\binarysearch\debug\binarysearch.tlog\cl.read.1.tlog
c:\codes\gitrepository\c_datastructure\ch1exes\binarysearch\debug\binarysearch.tlog\cl.write.1.tlog
c:\codes\gitrepository\c_datastructure\ch1exes\binarysearch\debug\binarysearch.tlog\link.command.1.tlog
c:\codes\gitrepository\c_datastructure\ch1exes\binarysearch\debug\binarysearch.tlog\link.delete.1.tlog
c:\codes\gitrepository\c_datastructure\ch1exes\binarysearch\debug\binarysearch.tlog\link.read.1.tlog
c:\codes\gitrepository\c_datastructure\ch1exes\binarysearch\debug\binarysearch.tlog\link.write.1.tlog
